{"/Users/victorzapata/Desktop/rest_api_node_ts_server/src/router.ts": {"path":"/Users/victorzapata/Desktop/rest_api_node_ts_server/src/router.ts","statementMap":{"0":{"start":{"line":1,"column":0},"end":{"line":1,"column":32}},"1":{"start":{"line":2,"column":0},"end":{"line":2,"column":128}},"2":{"start":{"line":3,"column":0},"end":{"line":3,"column":47}},"3":{"start":{"line":4,"column":0},"end":{"line":4,"column":48}},"4":{"start":{"line":6,"column":15},"end":{"line":6,"column":23}},"5":{"start":{"line":8,"column":0},"end":{"line":8,"column":null}},"6":{"start":{"line":10,"column":0},"end":{"line":14,"column":null}},"7":{"start":{"line":16,"column":0},"end":{"line":26,"column":null}},"8":{"start":{"line":23,"column":25},"end":{"line":23,"column":34}},"9":{"start":{"line":28,"column":0},"end":{"line":40,"column":null}},"10":{"start":{"line":36,"column":25},"end":{"line":36,"column":34}},"11":{"start":{"line":42,"column":0},"end":{"line":45,"column":null}},"12":{"start":{"line":47,"column":0},"end":{"line":50,"column":null}},"13":{"start":{"line":52,"column":0},"end":{"line":52,"column":null}}},"fnMap":{"0":{"name":"(anonymous_0)","decl":{"start":{"line":23,"column":16},"end":{"line":23,"column":21}},"loc":{"start":{"line":23,"column":25},"end":{"line":23,"column":34}}},"1":{"name":"(anonymous_1)","decl":{"start":{"line":36,"column":16},"end":{"line":36,"column":21}},"loc":{"start":{"line":36,"column":25},"end":{"line":36,"column":34}}}},"branchMap":{},"s":{"0":2,"1":2,"2":2,"3":2,"4":2,"5":2,"6":2,"7":2,"8":4,"9":2,"10":5,"11":2,"12":2,"13":2},"f":{"0":4,"1":5},"b":{}}
,"/Users/victorzapata/Desktop/rest_api_node_ts_server/src/server.ts": {"path":"/Users/victorzapata/Desktop/rest_api_node_ts_server/src/server.ts","statementMap":{"0":{"start":{"line":1,"column":0},"end":{"line":1,"column":30}},"1":{"start":{"line":2,"column":0},"end":{"line":2,"column":30}},"2":{"start":{"line":3,"column":0},"end":{"line":3,"column":29}},"3":{"start":{"line":4,"column":0},"end":{"line":4,"column":27}},"4":{"start":{"line":8,"column":25},"end":{"line":18,"column":1}},"5":{"start":{"line":9,"column":4},"end":{"line":17,"column":5}},"6":{"start":{"line":10,"column":8},"end":{"line":10,"column":null}},"7":{"start":{"line":11,"column":8},"end":{"line":11,"column":null}},"8":{"start":{"line":16,"column":8},"end":{"line":16,"column":74}},"9":{"start":{"line":8,"column":13},"end":{"line":8,"column":25}},"10":{"start":{"line":20,"column":0},"end":{"line":20,"column":null}},"11":{"start":{"line":23,"column":15},"end":{"line":23,"column":24}},"12":{"start":{"line":26,"column":0},"end":{"line":26,"column":null}},"13":{"start":{"line":29,"column":0},"end":{"line":29,"column":null}},"14":{"start":{"line":31,"column":0},"end":{"line":33,"column":null}},"15":{"start":{"line":32,"column":4},"end":{"line":32,"column":null}},"16":{"start":{"line":35,"column":0},"end":{"line":35,"column":null}}},"fnMap":{"0":{"name":"(anonymous_1)","decl":{"start":{"line":8,"column":25},"end":{"line":8,"column":30}},"loc":{"start":{"line":8,"column":36},"end":{"line":18,"column":1}}},"1":{"name":"(anonymous_2)","decl":{"start":{"line":31,"column":19},"end":{"line":31,"column":20}},"loc":{"start":{"line":31,"column":32},"end":{"line":33,"column":1}}}},"branchMap":{},"s":{"0":2,"1":2,"2":2,"3":2,"4":2,"5":3,"6":3,"7":2,"8":1,"9":2,"10":2,"11":2,"12":2,"13":2,"14":2,"15":1,"16":2},"f":{"0":3,"1":1},"b":{}}
,"/Users/victorzapata/Desktop/rest_api_node_ts_server/src/config/db.ts": {"path":"/Users/victorzapata/Desktop/rest_api_node_ts_server/src/config/db.ts","statementMap":{"0":{"start":{"line":1,"column":0},"end":{"line":1,"column":49}},"1":{"start":{"line":2,"column":0},"end":{"line":2,"column":27}},"2":{"start":{"line":3,"column":0},"end":{"line":3,"column":null}},"3":{"start":{"line":5,"column":11},"end":{"line":8,"column":2}},"4":{"start":{"line":10,"column":0},"end":{"line":10,"column":null}}},"fnMap":{},"branchMap":{},"s":{"0":2,"1":2,"2":2,"3":2,"4":2},"f":{},"b":{}}
,"/Users/victorzapata/Desktop/rest_api_node_ts_server/src/handlers/product.ts": {"path":"/Users/victorzapata/Desktop/rest_api_node_ts_server/src/handlers/product.ts","statementMap":{"0":{"start":{"line":2,"column":0},"end":{"line":2,"column":46}},"1":{"start":{"line":4,"column":29},"end":{"line":17,"column":1}},"2":{"start":{"line":6,"column":33},"end":{"line":6,"column":70}},"3":{"start":{"line":8,"column":4},"end":{"line":12,"column":5}},"4":{"start":{"line":9,"column":8},"end":{"line":11,"column":null}},"5":{"start":{"line":14,"column":4},"end":{"line":14,"column":null}},"6":{"start":{"line":15,"column":4},"end":{"line":15,"column":null}},"7":{"start":{"line":16,"column":4},"end":{"line":16,"column":null}},"8":{"start":{"line":4,"column":13},"end":{"line":4,"column":29}},"9":{"start":{"line":19,"column":30},"end":{"line":29,"column":1}},"10":{"start":{"line":20,"column":24},"end":{"line":20,"column":61}},"11":{"start":{"line":22,"column":4},"end":{"line":26,"column":5}},"12":{"start":{"line":23,"column":8},"end":{"line":25,"column":null}},"13":{"start":{"line":28,"column":4},"end":{"line":28,"column":null}},"14":{"start":{"line":19,"column":13},"end":{"line":19,"column":30}},"15":{"start":{"line":31,"column":27},"end":{"line":47,"column":1}},"16":{"start":{"line":32,"column":4},"end":{"line":46,"column":5}},"17":{"start":{"line":33,"column":25},"end":{"line":42,"column":10}},"18":{"start":{"line":43,"column":8},"end":{"line":43,"column":null}},"19":{"start":{"line":45,"column":8},"end":{"line":45,"column":27}},"20":{"start":{"line":31,"column":13},"end":{"line":31,"column":27}},"21":{"start":{"line":49,"column":29},"end":{"line":64,"column":1}},"22":{"start":{"line":52,"column":4},"end":{"line":57,"column":5}},"23":{"start":{"line":53,"column":24},"end":{"line":53,"column":54}},"24":{"start":{"line":54,"column":8},"end":{"line":54,"column":null}},"25":{"start":{"line":56,"column":8},"end":{"line":56,"column":27}},"26":{"start":{"line":49,"column":13},"end":{"line":49,"column":29}},"27":{"start":{"line":66,"column":33},"end":{"line":85,"column":1}},"28":{"start":{"line":67,"column":4},"end":{"line":84,"column":5}},"29":{"start":{"line":69,"column":48},"end":{"line":69,"column":85}},"30":{"start":{"line":71,"column":8},"end":{"line":75,"column":9}},"31":{"start":{"line":72,"column":12},"end":{"line":74,"column":null}},"32":{"start":{"line":79,"column":8},"end":{"line":79,"column":null}},"33":{"start":{"line":80,"column":8},"end":{"line":80,"column":null}},"34":{"start":{"line":81,"column":8},"end":{"line":81,"column":null}},"35":{"start":{"line":83,"column":8},"end":{"line":83,"column":27}},"36":{"start":{"line":66,"column":13},"end":{"line":66,"column":33}},"37":{"start":{"line":87,"column":29},"end":{"line":100,"column":1}},"38":{"start":{"line":88,"column":4},"end":{"line":99,"column":5}},"39":{"start":{"line":89,"column":37},"end":{"line":89,"column":74}},"40":{"start":{"line":90,"column":8},"end":{"line":94,"column":9}},"41":{"start":{"line":91,"column":12},"end":{"line":93,"column":null}},"42":{"start":{"line":95,"column":8},"end":{"line":95,"column":null}},"43":{"start":{"line":96,"column":8},"end":{"line":96,"column":null}},"44":{"start":{"line":98,"column":8},"end":{"line":98,"column":27}},"45":{"start":{"line":87,"column":13},"end":{"line":87,"column":29}}},"fnMap":{"0":{"name":"(anonymous_1)","decl":{"start":{"line":4,"column":29},"end":{"line":4,"column":34}},"loc":{"start":{"line":4,"column":67},"end":{"line":17,"column":1}}},"1":{"name":"(anonymous_2)","decl":{"start":{"line":19,"column":30},"end":{"line":19,"column":35}},"loc":{"start":{"line":19,"column":68},"end":{"line":29,"column":1}}},"2":{"name":"(anonymous_3)","decl":{"start":{"line":31,"column":27},"end":{"line":31,"column":32}},"loc":{"start":{"line":31,"column":65},"end":{"line":47,"column":1}}},"3":{"name":"(anonymous_4)","decl":{"start":{"line":49,"column":29},"end":{"line":49,"column":34}},"loc":{"start":{"line":49,"column":67},"end":{"line":64,"column":1}}},"4":{"name":"(anonymous_5)","decl":{"start":{"line":66,"column":33},"end":{"line":66,"column":38}},"loc":{"start":{"line":66,"column":71},"end":{"line":85,"column":1}}},"5":{"name":"(anonymous_6)","decl":{"start":{"line":87,"column":29},"end":{"line":87,"column":34}},"loc":{"start":{"line":87,"column":67},"end":{"line":100,"column":1}}}},"branchMap":{"0":{"loc":{"start":{"line":8,"column":4},"end":{"line":12,"column":5}},"type":"if","locations":[{"start":{"line":8,"column":4},"end":{"line":12,"column":5}}]},"1":{"loc":{"start":{"line":22,"column":4},"end":{"line":26,"column":5}},"type":"if","locations":[{"start":{"line":22,"column":4},"end":{"line":26,"column":5}}]},"2":{"loc":{"start":{"line":71,"column":8},"end":{"line":75,"column":9}},"type":"if","locations":[{"start":{"line":71,"column":8},"end":{"line":75,"column":9}}]},"3":{"loc":{"start":{"line":90,"column":8},"end":{"line":94,"column":9}},"type":"if","locations":[{"start":{"line":90,"column":8},"end":{"line":94,"column":9}}]}},"s":{"0":2,"1":2,"2":2,"3":2,"4":1,"5":1,"6":1,"7":1,"8":2,"9":2,"10":2,"11":2,"12":1,"13":1,"14":2,"15":2,"16":1,"17":1,"18":1,"19":0,"20":2,"21":2,"22":1,"23":1,"24":1,"25":0,"26":2,"27":2,"28":2,"29":2,"30":2,"31":1,"32":1,"33":1,"34":1,"35":0,"36":2,"37":2,"38":2,"39":2,"40":2,"41":1,"42":1,"43":1,"44":0,"45":2},"f":{"0":2,"1":2,"2":1,"3":1,"4":2,"5":2},"b":{"0":[1],"1":[1],"2":[1],"3":[1]}}
,"/Users/victorzapata/Desktop/rest_api_node_ts_server/src/middleware/index.ts": {"path":"/Users/victorzapata/Desktop/rest_api_node_ts_server/src/middleware/index.ts","statementMap":{"0":{"start":{"line":2,"column":0},"end":{"line":2,"column":53}},"1":{"start":{"line":7,"column":33},"end":{"line":13,"column":1}},"2":{"start":{"line":8,"column":17},"end":{"line":8,"column":38}},"3":{"start":{"line":9,"column":4},"end":{"line":11,"column":5}},"4":{"start":{"line":10,"column":8},"end":{"line":10,"column":null}},"5":{"start":{"line":12,"column":4},"end":{"line":12,"column":null}},"6":{"start":{"line":7,"column":13},"end":{"line":7,"column":33}}},"fnMap":{"0":{"name":"(anonymous_0)","decl":{"start":{"line":7,"column":33},"end":{"line":7,"column":34}},"loc":{"start":{"line":7,"column":85},"end":{"line":13,"column":1}}}},"branchMap":{"0":{"loc":{"start":{"line":9,"column":4},"end":{"line":11,"column":5}},"type":"if","locations":[{"start":{"line":9,"column":4},"end":{"line":11,"column":5}}]}},"s":{"0":2,"1":2,"2":16,"3":16,"4":7,"5":9,"6":2},"f":{"0":16},"b":{"0":[7]}}
,"/Users/victorzapata/Desktop/rest_api_node_ts_server/src/models/Product.model.ts": {"path":"/Users/victorzapata/Desktop/rest_api_node_ts_server/src/models/Product.model.ts","statementMap":{"0":{"start":{"line":1,"column":0},"end":{"line":1,"column":79}},"1":{"start":{"line":7,"column":0},"end":{"line":22,"column":null}},"2":{"start":{"line":11,"column":12},"end":{"line":11,"column":null}},"3":{"start":{"line":16,"column":12},"end":{"line":16,"column":null}},"4":{"start":{"line":21,"column":12},"end":{"line":21,"column":null}},"5":{"start":{"line":7,"column":6},"end":{"line":22,"column":null}},"6":{"start":{"line":24,"column":0},"end":{"line":24,"column":null}}},"fnMap":{},"branchMap":{},"s":{"0":3,"1":3,"2":3,"3":3,"4":3,"5":3,"6":3},"f":{},"b":{}}
}
